# JRE version: Java(TM) SE Runtime Environment (8.0_202-b08) (build 1.8.0_202-b08)
# Java VM: Java HotSpot(TM) 64-Bit Server VM (25.202-b08 mixed mode windows-amd64 compressed oops)
Heap:
 PSYoungGen      total 51200K, used 40103K [0x00000000d6f00000, 0x00000000da800000, 0x0000000100000000)
  eden space 46080K, 87% used [0x00000000d6f00000,0x00000000d9629d58,0x00000000d9c00000)
  from space 5120K, 0% used [0x00000000d9e00000,0x00000000d9e00000,0x00000000da300000)
  to   space 5120K, 0% used [0x00000000da300000,0x00000000da300000,0x00000000da800000)
 ParOldGen       total 146944K, used 39441K [0x0000000084c00000, 0x000000008db80000, 0x00000000d6f00000)
  object space 146944K, 26% used [0x0000000084c00000,0x0000000087284428,0x000000008db80000)
 Metaspace       used 14773K, capacity 15068K, committed 15360K, reserved 1062912K
  class space    used 1618K, capacity 1714K, committed 1792K, reserved 1048576K
GC Heap History (10 events):
Event: 1.444 GC heap before
{Heap before GC invocations=3 (full 1):
 PSYoungGen      total 36864K, used 4752K [0x00000000d6f00000, 0x00000000db700000, 0x0000000100000000)
  eden space 31744K, 0% used [0x00000000d6f00000,0x00000000d6f00000,0x00000000d8e00000)
  from space 5120K, 92% used [0x00000000d9300000,0x00000000d97a41a0,0x00000000d9800000)
  to   space 5120K, 0% used [0x00000000d8e00000,0x00000000d8e00000,0x00000000d9300000)
 ParOldGen       total 84992K, used 59254K [0x0000000084c00000, 0x0000000089f00000, 0x00000000d6f00000)
  object space 84992K, 69% used [0x0000000084c00000,0x00000000885dd878,0x0000000089f00000)
 Metaspace       used 8294K, capacity 8470K, committed 8832K, reserved 1056768K
  class space    used 969K, capacity 1025K, committed 1152K, reserved 1048576K
Event: 1.459 GC heap after
Heap after GC invocations=3 (full 1):
 PSYoungGen      total 36864K, used 0K [0x00000000d6f00000, 0x00000000db700000, 0x0000000100000000)
  eden space 31744K, 0% used [0x00000000d6f00000,0x00000000d6f00000,0x00000000d8e00000)
  from space 5120K, 0% used [0x00000000d9300000,0x00000000d9300000,0x00000000d9800000)
  to   space 5120K, 0% used [0x00000000d8e00000,0x00000000d8e00000,0x00000000d9300000)
 ParOldGen       total 116224K, used 24344K [0x0000000084c00000, 0x000000008bd80000, 0x00000000d6f00000)
  object space 116224K, 20% used [0x0000000084c00000,0x00000000863c6390,0x000000008bd80000)
 Metaspace       used 8294K, capacity 8470K, committed 8832K, reserved 1056768K
  class space    used 969K, capacity 1025K, committed 1152K, reserved 1048576K
}
Event: 13.853 GC heap before
{Heap before GC invocations=4 (full 1):
 PSYoungGen      total 36864K, used 31744K [0x00000000d6f00000, 0x00000000db700000, 0x0000000100000000)
  eden space 31744K, 100% used [0x00000000d6f00000,0x00000000d8e00000,0x00000000d8e00000)
  from space 5120K, 0% used [0x00000000d9300000,0x00000000d9300000,0x00000000d9800000)
  to   space 5120K, 0% used [0x00000000d8e00000,0x00000000d8e00000,0x00000000d9300000)
 ParOldGen       total 116224K, used 24344K [0x0000000084c00000, 0x000000008bd80000, 0x00000000d6f00000)
  object space 116224K, 20% used [0x0000000084c00000,0x00000000863c6390,0x000000008bd80000)
 Metaspace       used 10966K, capacity 11286K, committed 11392K, reserved 1058816K
  class space    used 1272K, capacity 1369K, committed 1408K, reserved 1048576K
Event: 13.857 GC heap after
Heap after GC invocations=4 (full 1):
 PSYoungGen      total 36864K, used 5080K [0x00000000d6f00000, 0x00000000da800000, 0x0000000100000000)
  eden space 31744K, 0% used [0x00000000d6f00000,0x00000000d6f00000,0x00000000d8e00000)
  from space 5120K, 99% used [0x00000000d8e00000,0x00000000d92f6288,0x00000000d9300000)
  to   space 5120K, 0% used [0x00000000da300000,0x00000000da300000,0x00000000da800000)
 ParOldGen       total 116224K, used 49863K [0x0000000084c00000, 0x000000008bd80000, 0x00000000d6f00000)
  object space 116224K, 42% used [0x0000000084c00000,0x0000000087cb1e30,0x000000008bd80000)
 Metaspace       used 10966K, capacity 11286K, committed 11392K, reserved 1058816K
  class space    used 1272K, capacity 1369K, committed 1408K, reserved 1048576K
}
Event: 18.145 GC heap before
{Heap before GC invocations=5 (full 1):
 PSYoungGen      total 36864K, used 36824K [0x00000000d6f00000, 0x00000000da800000, 0x0000000100000000)
  eden space 31744K, 100% used [0x00000000d6f00000,0x00000000d8e00000,0x00000000d8e00000)
  from space 5120K, 99% used [0x00000000d8e00000,0x00000000d92f6288,0x00000000d9300000)
  to   space 5120K, 0% used [0x00000000da300000,0x00000000da300000,0x00000000da800000)
 ParOldGen       total 116224K, used 49863K [0x0000000084c00000, 0x000000008bd80000, 0x00000000d6f00000)
  object space 116224K, 42% used [0x0000000084c00000,0x0000000087cb1e30,0x000000008bd80000)
 Metaspace       used 14747K, capacity 15068K, committed 15360K, reserved 1062912K
  class space    used 1618K, capacity 1714K, committed 1792K, reserved 1048576K
Event: 18.153 GC heap after
Heap after GC invocations=5 (full 1):
 PSYoungGen      total 51200K, used 5102K [0x00000000d6f00000, 0x00000000da800000, 0x0000000100000000)
  eden space 46080K, 0% used [0x00000000d6f00000,0x00000000d6f00000,0x00000000d9c00000)
  from space 5120K, 99% used [0x00000000da300000,0x00000000da7fbb28,0x00000000da800000)
  to   space 5120K, 0% used [0x00000000d9e00000,0x00000000d9e00000,0x00000000da300000)
 ParOldGen       total 116224K, used 64683K [0x0000000084c00000, 0x000000008bd80000, 0x00000000d6f00000)
  object space 116224K, 55% used [0x0000000084c00000,0x0000000088b2ac38,0x000000008bd80000)
 Metaspace       used 14747K, capacity 15068K, committed 15360K, reserved 1062912K
  class space    used 1618K, capacity 1714K, committed 1792K, reserved 1048576K
}
Event: 18.935 GC heap before
{Heap before GC invocations=6 (full 1):
 PSYoungGen      total 51200K, used 51182K [0x00000000d6f00000, 0x00000000da800000, 0x0000000100000000)
  eden space 46080K, 100% used [0x00000000d6f00000,0x00000000d9c00000,0x00000000d9c00000)
  from space 5120K, 99% used [0x00000000da300000,0x00000000da7fbb28,0x00000000da800000)
  to   space 5120K, 0% used [0x00000000d9e00000,0x00000000d9e00000,0x00000000da300000)
 ParOldGen       total 116224K, used 64683K [0x0000000084c00000, 0x000000008bd80000, 0x00000000d6f00000)
  object space 116224K, 55% used [0x0000000084c00000,0x0000000088b2ac38,0x000000008bd80000)
 Metaspace       used 14758K, capacity 15068K, committed 15360K, reserved 1062912K
  class space    used 1618K, capacity 1714K, committed 1792K, reserved 1048576K
Event: 20.960 GC heap after
Heap after GC invocations=6 (full 1):
 PSYoungGen      total 51200K, used 3971K [0x00000000d6f00000, 0x00000000da800000, 0x0000000100000000)
  eden space 46080K, 0% used [0x00000000d6f00000,0x00000000d6f00000,0x00000000d9c00000)
  from space 5120K, 77% used [0x00000000d9e00000,0x00000000da1e0fc8,0x00000000da300000)
  to   space 5120K, 0% used [0x00000000da300000,0x00000000da300000,0x00000000da800000)
 ParOldGen       total 116224K, used 73686K [0x0000000084c00000, 0x000000008bd80000, 0x00000000d6f00000)
  object space 116224K, 63% used [0x0000000084c00000,0x00000000893f5b80,0x000000008bd80000)
 Metaspace       used 14758K, capacity 15068K, committed 15360K, reserved 1062912K
  class space    used 1618K, capacity 1714K, committed 1792K, reserved 1048576K
}
Event: 20.960 GC heap before
{Heap before GC invocations=7 (full 2):
 PSYoungGen      total 51200K, used 3971K [0x00000000d6f00000, 0x00000000da800000, 0x0000000100000000)
  eden space 46080K, 0% used [0x00000000d6f00000,0x00000000d6f00000,0x00000000d9c00000)
  from space 5120K, 77% used [0x00000000d9e00000,0x00000000da1e0fc8,0x00000000da300000)
  to   space 5120K, 0% used [0x00000000da300000,0x00000000da300000,0x00000000da800000)
 ParOldGen       total 116224K, used 73686K [0x0000000084c00000, 0x000000008bd80000, 0x00000000d6f00000)
  object space 116224K, 63% used [0x0000000084c00000,0x00000000893f5b80,0x000000008bd80000)
 Metaspace       used 14758K, capacity 15068K, committed 15360K, reserved 1062912K
  class space    used 1618K, capacity 1714K, committed 1792K, reserved 1048576K
Event: 20.983 GC heap after
Heap after GC invocations=7 (full 2):
 PSYoungGen      total 51200K, used 0K [0x00000000d6f00000, 0x00000000da800000, 0x0000000100000000)
  eden space 46080K, 0% used [0x00000000d6f00000,0x00000000d6f00000,0x00000000d9c00000)
  from space 5120K, 0% used [0x00000000d9e00000,0x00000000d9e00000,0x00000000da300000)
  to   space 5120K, 0% used [0x00000000da300000,0x00000000da300000,0x00000000da800000)
 ParOldGen       total 146944K, used 39441K [0x0000000084c00000, 0x000000008db80000, 0x00000000d6f00000)
  object space 146944K, 26% used [0x0000000084c00000,0x0000000087284428,0x000000008db80000)
 Metaspace       used 14758K, capacity 15068K, committed 15360K, reserved 1062912K
  class space    used 1618K, capacity 1714K, committed 1792K, reserved 1048576K
}

